<?xml version="1.0" encoding="UTF-8"?>
<!-- Generated by org.testng.reporters.JUnitXMLReporter -->
<testsuite hostname="RLE0131" name="BookwizardLoginTest" tests="2" failures="1" timestamp="12 Jan 2016 10:00:56 GMT" time="86.657" errors="0">
  <testcase name="bookwizardLogin" time="36.971" classname="com.userprofile.scholastic.test.BookwizardLoginTest"/>
  <testcase name="bookwizardLogin" time="49.586" classname="com.userprofile.scholastic.test.BookwizardLoginTest">
    <failure type="java.lang.AssertionError" message="expected [true] but found [false]">
      <![CDATA[java.lang.AssertionError: expected [true] but found [false]
	at com.userprofile.scholastic.test.BookwizardLoginTest.bookwizardLogin(BookwizardLoginTest.java:42)
... Removed 29 stack frames]]>
    </failure>
  </testcase> <!-- bookwizardLogin -->
</testsuite> <!-- BookwizardLoginTest -->
