<?xml version="1.0" encoding="UTF-8"?>
<!-- Generated by org.testng.reporters.JUnitXMLReporter -->
<testsuite hostname="RLE0131" name="CommunityLoginTest" tests="2" failures="0" timestamp="12 Jan 2016 10:00:56 GMT" time="0.08" errors="0">
  <testcase name="@BeforeTest checkRunmode" time="0.0" classname="com.userprofile.scholastic.test.CommunityLoginTest">
    <skipped/>
  </testcase> <!-- @BeforeTest checkRunmode -->
  <testcase name="checkValidUser" time="0.0" classname="com.userprofile.scholastic.test.CommunityLoginTest">
    <skipped/>
  </testcase> <!-- checkValidUser -->
  <testcase name="checkValidUser" time="0.0" classname="com.userprofile.scholastic.test.CommunityLoginTest">
    <skipped/>
  </testcase> <!-- checkValidUser -->
</testsuite> <!-- CommunityLoginTest -->
