<?xml version="1.0" encoding="UTF-8"?>
<!-- Generated by org.testng.reporters.JUnitXMLReporter -->
<testsuite hostname="RLE0131" name="InfinityRingRegistrationtest" tests="2" failures="0" timestamp="12 Jan 2016 10:00:56 GMT" time="0.068" errors="0">
  <testcase name="@BeforeTest checkRunmode" time="0.0" classname="com.userprofile.scholastic.test.InfinityRingRegistrationtest">
    <skipped/>
  </testcase> <!-- @BeforeTest checkRunmode -->
  <testcase name="clickSignin" time="0.0" classname="com.userprofile.scholastic.test.InfinityRingRegistrationtest">
    <skipped/>
  </testcase> <!-- clickSignin -->
  <testcase name="clickSignin" time="0.0" classname="com.userprofile.scholastic.test.InfinityRingRegistrationtest">
    <skipped/>
  </testcase> <!-- clickSignin -->
</testsuite> <!-- InfinityRingRegistrationtest -->
