<?xml version="1.0" encoding="UTF-8"?>
<!-- Generated by org.testng.reporters.JUnitXMLReporter -->
<testsuite hostname="RLE0131" name="Test_Read1000" tests="3" failures="0" timestamp="12 Jan 2016 09:59:29 GMT" time="0.822" errors="0">
  <testcase name="@BeforeTest checkRunmode" time="0.0" classname="com.userprofile.scholastic.test.Read1000PageTest">
    <skipped/>
  </testcase> <!-- @BeforeTest checkRunmode -->
  <testcase name="parentRegistration" time="0.0" classname="com.userprofile.scholastic.test.Read1000PageTest">
    <skipped/>
  </testcase> <!-- parentRegistration -->
  <testcase name="parentRegistration" time="0.01" classname="com.userprofile.scholastic.test.Read1000PageTest">
    <skipped/>
  </testcase> <!-- parentRegistration -->
  <testcase name="parentRegistration" time="0.0" classname="com.userprofile.scholastic.test.Read1000PageTest">
    <skipped/>
  </testcase> <!-- parentRegistration -->
</testsuite> <!-- Test_Read1000 -->
