<?xml version="1.0" encoding="UTF-8"?>
<!-- Generated by org.testng.reporters.JUnitXMLReporter -->
<testsuite hostname="RLE0131" name="Test" tests="12" failures="0" timestamp="11 Jan 2016 13:06:46 GMT" time="1.174" errors="0">
  <testcase name="@BeforeTest checkRunmode" time="0.0" classname="com.userprofile.scholastic.test.BookwizardLoginTest">
    <skipped/>
  </testcase> <!-- @BeforeTest checkRunmode -->
  <testcase name="@BeforeTest checkRunmode" time="0.0" classname="com.userprofile.scholastic.test.BookwizardLoginTest">
    <skipped/>
  </testcase> <!-- @BeforeTest checkRunmode -->
  <testcase name="@BeforeTest checkRunmode" time="0.0" classname="com.userprofile.scholastic.test.BookwizardLoginTest">
    <skipped/>
  </testcase> <!-- @BeforeTest checkRunmode -->
  <testcase name="@BeforeTest checkRunmode" time="0.0" classname="com.userprofile.scholastic.test.BookwizardLoginTest">
    <skipped/>
  </testcase> <!-- @BeforeTest checkRunmode -->
  <testcase name="@BeforeTest checkRunmode" time="0.0" classname="com.userprofile.scholastic.test.BookwizardLoginTest">
    <skipped/>
  </testcase> <!-- @BeforeTest checkRunmode -->
  <testcase name="parentRegistration" time="0.0" classname="com.userprofile.scholastic.test.Read1000PageTest">
    <skipped/>
  </testcase> <!-- parentRegistration -->
  <testcase name="parentRegistration" time="0.0" classname="com.userprofile.scholastic.test.Read1000PageTest">
    <skipped/>
  </testcase> <!-- parentRegistration -->
  <testcase name="parentRegistration" time="0.0" classname="com.userprofile.scholastic.test.Read1000PageTest">
    <skipped/>
  </testcase> <!-- parentRegistration -->
  <testcase name="clickSignin" time="0.0" classname="com.userprofile.scholastic.test.InfinityRingRegistrationtest">
    <skipped/>
  </testcase> <!-- clickSignin -->
  <testcase name="clickSignin" time="0.0" classname="com.userprofile.scholastic.test.InfinityRingRegistrationtest">
    <skipped/>
  </testcase> <!-- clickSignin -->
  <testcase name="teacherRegistration" time="0.0" classname="com.userprofile.scholastic.test.BookwizardRegistrationTest">
    <skipped/>
  </testcase> <!-- teacherRegistration -->
  <testcase name="logintoApp" time="0.0" classname="com.userprofile.scholastic.test.InfinityRingLoginTest">
    <skipped/>
  </testcase> <!-- logintoApp -->
  <testcase name="logintoApp" time="0.0" classname="com.userprofile.scholastic.test.InfinityRingLoginTest">
    <skipped/>
  </testcase> <!-- logintoApp -->
  <testcase name="checkValidUser" time="0.001" classname="com.userprofile.scholastic.test.CommunityLoginTest">
    <skipped/>
  </testcase> <!-- checkValidUser -->
  <testcase name="checkValidUser" time="0.001" classname="com.userprofile.scholastic.test.CommunityLoginTest">
    <skipped/>
  </testcase> <!-- checkValidUser -->
  <testcase name="bookwizardLogin" time="0.0" classname="com.userprofile.scholastic.test.BookwizardLoginTest">
    <skipped/>
  </testcase> <!-- bookwizardLogin -->
  <testcase name="bookwizardLogin" time="0.001" classname="com.userprofile.scholastic.test.BookwizardLoginTest">
    <skipped/>
  </testcase> <!-- bookwizardLogin -->
</testsuite> <!-- Test -->
