<?xml version="1.0" encoding="UTF-8"?>
<!-- Generated by org.testng.reporters.JUnitXMLReporter -->
<testsuite hostname="RLE0131" name="BookwizardRegistrationTest" tests="1" failures="0" timestamp="15 Jan 2016 15:53:58 GMT" time="0.07" errors="0">
  <testcase name="@BeforeTest checkRunmode" time="0.0" classname="com.userprofile.scholastic.test.BookwizardRegistrationTest">
    <skipped/>
  </testcase> <!-- @BeforeTest checkRunmode -->
  <testcase name="teacherRegistration" time="0.0" classname="com.userprofile.scholastic.test.BookwizardRegistrationTest">
    <skipped/>
  </testcase> <!-- teacherRegistration -->
</testsuite> <!-- BookwizardRegistrationTest -->
